<?xml version="1.0" encoding="UTF-8"?>
<testng-results ignored="0" total="4" passed="4" failed="0" skipped="0">
  <reporter-output>
    <line>
      <![CDATA[HomePage Showing]]>
    </line>
    <line>
      <![CDATA[Error Message Showing]]>
    </line>
    <line>
      <![CDATA[Error Message Showing]]>
    </line>
    <line>
      <![CDATA[Error Message Showing]]>
    </line>
  </reporter-output>
  <suite started-at="2023-10-10T15:57:19 IST" name="Default suite" finished-at="2023-10-10T15:58:23 IST" duration-ms="63916">
    <groups>
      <group name="cucumber">
        <method signature="AbstractTestNGCucumberTests.runScenario(io.cucumber.testng.PickleWrapper,io.cucumber.testng.FeatureWrapper)[pri:0, instance:TestRunnerBlock.LoginRunner@5f049ea1]" name="runScenario" class="io.cucumber.testng.AbstractTestNGCucumberTests"/>
      </group> <!-- cucumber -->
    </groups>
    <test started-at="2023-10-10T15:57:19 IST" name="Default test" finished-at="2023-10-10T15:58:23 IST" duration-ms="63916">
      <class name="TestRunnerBlock.LoginRunner">
        <test-method is-config="true" signature="setUpClass(org.testng.ITestContext)[pri:0, instance:TestRunnerBlock.LoginRunner@5f049ea1]" started-at="2023-10-10T15:57:19 IST" name="setUpClass" finished-at="2023-10-10T15:57:20 IST" duration-ms="434" status="PASS">
          <params>
            <param index="0">
              <value>
                <![CDATA[org.testng.TestRunner@4debbf0]]>
              </value>
            </param>
          </params>
          <reporter-output>
          </reporter-output>
        </test-method> <!-- setUpClass -->
        <test-method signature="runScenario(io.cucumber.testng.PickleWrapper,io.cucumber.testng.FeatureWrapper)[pri:0, instance:TestRunnerBlock.LoginRunner@5f049ea1]" started-at="2023-10-10T15:57:20 IST" name="runScenario" description="Runs Cucumber Scenarios" data-provider="scenarios" finished-at="2023-10-10T15:57:41 IST" duration-ms="20772" status="PASS">
          <params>
            <param index="0">
              <value>
                <![CDATA["Validate Login With Valid Input"]]>
              </value>
            </param>
            <param index="1">
              <value>
                <![CDATA["Login Function"]]>
              </value>
            </param>
          </params>
          <reporter-output>
            <line>
              <![CDATA[HomePage Showing]]>
            </line>
          </reporter-output>
        </test-method> <!-- runScenario -->
        <test-method signature="runScenario(io.cucumber.testng.PickleWrapper,io.cucumber.testng.FeatureWrapper)[pri:0, instance:TestRunnerBlock.LoginRunner@5f049ea1]" started-at="2023-10-10T15:57:41 IST" name="runScenario" description="Runs Cucumber Scenarios" data-provider="scenarios" finished-at="2023-10-10T15:57:56 IST" duration-ms="14966" status="PASS">
          <params>
            <param index="0">
              <value>
                <![CDATA["validation login function with invalid inputs"]]>
              </value>
            </param>
            <param index="1">
              <value>
                <![CDATA["Login Function"]]>
              </value>
            </param>
          </params>
          <reporter-output>
            <line>
              <![CDATA[Error Message Showing]]>
            </line>
          </reporter-output>
        </test-method> <!-- runScenario -->
        <test-method signature="runScenario(io.cucumber.testng.PickleWrapper,io.cucumber.testng.FeatureWrapper)[pri:0, instance:TestRunnerBlock.LoginRunner@5f049ea1]" started-at="2023-10-10T15:57:56 IST" name="runScenario" description="Runs Cucumber Scenarios" data-provider="scenarios" finished-at="2023-10-10T15:58:10 IST" duration-ms="14395" status="PASS">
          <params>
            <param index="0">
              <value>
                <![CDATA["validation login function with invalid inputs"]]>
              </value>
            </param>
            <param index="1">
              <value>
                <![CDATA["Login Function"]]>
              </value>
            </param>
          </params>
          <reporter-output>
            <line>
              <![CDATA[Error Message Showing]]>
            </line>
          </reporter-output>
        </test-method> <!-- runScenario -->
        <test-method signature="runScenario(io.cucumber.testng.PickleWrapper,io.cucumber.testng.FeatureWrapper)[pri:0, instance:TestRunnerBlock.LoginRunner@5f049ea1]" started-at="2023-10-10T15:58:10 IST" name="runScenario" description="Runs Cucumber Scenarios" data-provider="scenarios" finished-at="2023-10-10T15:58:23 IST" duration-ms="13271" status="PASS">
          <params>
            <param index="0">
              <value>
                <![CDATA["validation login function with invalid inputs"]]>
              </value>
            </param>
            <param index="1">
              <value>
                <![CDATA["Login Function"]]>
              </value>
            </param>
          </params>
          <reporter-output>
            <line>
              <![CDATA[Error Message Showing]]>
            </line>
          </reporter-output>
        </test-method> <!-- runScenario -->
        <test-method is-config="true" signature="tearDownClass()[pri:0, instance:TestRunnerBlock.LoginRunner@5f049ea1]" started-at="2023-10-10T15:58:23 IST" name="tearDownClass" finished-at="2023-10-10T15:58:23 IST" duration-ms="10" status="PASS">
          <reporter-output>
          </reporter-output>
        </test-method> <!-- tearDownClass -->
      </class> <!-- TestRunnerBlock.LoginRunner -->
    </test> <!-- Default test -->
  </suite> <!-- Default suite -->
</testng-results>
